app/build/intermediates/manifest_merge_blame_file/debug/manifest-merger-blame-debug-report.txt
1<?xml version="1.0" encoding="utf-8"?>
2<manifest xmlns:android="http://schemas.android.com/apk/res/android"
3    package="com.matsumoto.bizcard"
4    android:versionCode="1"
5    android:versionName="1.0" >
6
7    <uses-sdk
8        android:minSdkVersion="24"
8-->src/main/AndroidManifest.xml
9        android:targetSdkVersion="29" />
9-->src/main/AndroidManifest.xml
10
11    <uses-permission android:name="android.permission.CAMERA" /> <!-- Don't require camera, as this requires a rear camera. This allows it to work on the Nexus 7 -->
11-->[com.journeyapps:zxing-android-embedded:4.1.0] AndroidManifest.xml:22:5-65
11-->[com.journeyapps:zxing-android-embedded:4.1.0] AndroidManifest.xml:22:22-62
12    <uses-feature
12-->[com.journeyapps:zxing-android-embedded:4.1.0] AndroidManifest.xml:25:5-27:36
13        android:name="android.hardware.camera"
13-->[com.journeyapps:zxing-android-embedded:4.1.0] AndroidManifest.xml:26:9-47
14        android:required="false" />
14-->[com.journeyapps:zxing-android-embedded:4.1.0] AndroidManifest.xml:27:9-33
15    <uses-feature
15-->[com.journeyapps:zxing-android-embedded:4.1.0] AndroidManifest.xml:28:5-30:36
16        android:name="android.hardware.camera.front"
16-->[com.journeyapps:zxing-android-embedded:4.1.0] AndroidManifest.xml:29:9-53
17        android:required="false" /> <!-- TODO replace above two with next line after Android 4.2 -->
17-->[com.journeyapps:zxing-android-embedded:4.1.0] AndroidManifest.xml:30:9-33
18    <!-- <uses-feature android:name="android.hardware.camera.any"/> -->
19    <uses-feature
19-->[com.journeyapps:zxing-android-embedded:4.1.0] AndroidManifest.xml:33:5-35:36
20        android:name="android.hardware.camera.autofocus"
20-->[com.journeyapps:zxing-android-embedded:4.1.0] AndroidManifest.xml:34:9-57
21        android:required="false" />
21-->[com.journeyapps:zxing-android-embedded:4.1.0] AndroidManifest.xml:35:9-33
22    <uses-feature
22-->[com.journeyapps:zxing-android-embedded:4.1.0] AndroidManifest.xml:36:5-38:36
23        android:name="android.hardware.camera.flash"
23-->[com.journeyapps:zxing-android-embedded:4.1.0] AndroidManifest.xml:37:9-53
24        android:required="false" />
24-->[com.journeyapps:zxing-android-embedded:4.1.0] AndroidManifest.xml:38:9-33
25    <uses-feature
25-->[com.journeyapps:zxing-android-embedded:4.1.0] AndroidManifest.xml:39:5-41:36
26        android:name="android.hardware.screen.landscape"
26-->[com.journeyapps:zxing-android-embedded:4.1.0] AndroidManifest.xml:40:9-57
27        android:required="false" />
27-->[com.journeyapps:zxing-android-embedded:4.1.0] AndroidManifest.xml:41:9-33
28    <uses-feature
28-->[com.journeyapps:zxing-android-embedded:4.1.0] AndroidManifest.xml:42:5-44:36
29        android:name="android.hardware.wifi"
29-->[com.journeyapps:zxing-android-embedded:4.1.0] AndroidManifest.xml:43:9-45
30        android:required="false" />
30-->[com.journeyapps:zxing-android-embedded:4.1.0] AndroidManifest.xml:44:9-33
31
32    <application
32-->src/main/AndroidManifest.xml:5:5-21:19
33        android:allowBackup="true"
33-->src/main/AndroidManifest.xml:6:9-35
34        android:appComponentFactory="androidx.core.app.CoreComponentFactory"
34-->[androidx.core:core:1.0.1] AndroidManifest.xml:22:18-86
35        android:debuggable="true"
36        android:icon="@mipmap/ic_launcher"
36-->src/main/AndroidManifest.xml:7:9-43
37        android:label="@string/app_name"
37-->src/main/AndroidManifest.xml:8:9-41
38        android:roundIcon="@mipmap/ic_launcher_round"
38-->src/main/AndroidManifest.xml:9:9-54
39        android:supportsRtl="true"
39-->src/main/AndroidManifest.xml:10:9-35
40        android:theme="@style/AppTheme" >
40-->src/main/AndroidManifest.xml:11:9-40
41        <activity
41-->src/main/AndroidManifest.xml:12:9-20:20
42            android:name="com.matsumoto.bizcard.MainActivity"
42-->src/main/AndroidManifest.xml:13:13-41
43            android:label="@string/app_name" >
43-->src/main/AndroidManifest.xml:14:13-45
44            <intent-filter>
44-->src/main/AndroidManifest.xml:15:13-19:29
45                <action android:name="android.intent.action.MAIN" />
45-->src/main/AndroidManifest.xml:16:17-69
45-->src/main/AndroidManifest.xml:16:25-66
46
47                <category android:name="android.intent.category.LAUNCHER" />
47-->src/main/AndroidManifest.xml:18:17-77
47-->src/main/AndroidManifest.xml:18:27-74
48            </intent-filter>
49        </activity>
50        <activity
50-->[com.journeyapps:zxing-android-embedded:4.1.0] AndroidManifest.xml:47:9-53:63
51            android:name="com.journeyapps.barcodescanner.CaptureActivity"
51-->[com.journeyapps:zxing-android-embedded:4.1.0] AndroidManifest.xml:48:13-74
52            android:clearTaskOnLaunch="true"
52-->[com.journeyapps:zxing-android-embedded:4.1.0] AndroidManifest.xml:49:13-45
53            android:screenOrientation="sensorLandscape"
53-->[com.journeyapps:zxing-android-embedded:4.1.0] AndroidManifest.xml:50:13-56
54            android:stateNotNeeded="true"
54-->[com.journeyapps:zxing-android-embedded:4.1.0] AndroidManifest.xml:51:13-42
55            android:theme="@style/zxing_CaptureTheme"
55-->[com.journeyapps:zxing-android-embedded:4.1.0] AndroidManifest.xml:52:13-54
56            android:windowSoftInputMode="stateAlwaysHidden" />
56-->[com.journeyapps:zxing-android-embedded:4.1.0] AndroidManifest.xml:53:13-60
57
58        <provider
58-->[androidx.lifecycle:lifecycle-process:2.0.0] AndroidManifest.xml:23:9-27:43
59            android:name="androidx.lifecycle.ProcessLifecycleOwnerInitializer"
59-->[androidx.lifecycle:lifecycle-process:2.0.0] AndroidManifest.xml:24:13-79
60            android:authorities="com.matsumoto.bizcard.lifecycle-process"
60-->[androidx.lifecycle:lifecycle-process:2.0.0] AndroidManifest.xml:25:13-69
61            android:exported="false"
61-->[androidx.lifecycle:lifecycle-process:2.0.0] AndroidManifest.xml:26:13-37
62            android:multiprocess="true" />
62-->[androidx.lifecycle:lifecycle-process:2.0.0] AndroidManifest.xml:27:13-40
63    </application>
64
65</manifest>